<?xml version="1.0" encoding="UTF-8"?>
<!-- Generated by org.testng.reporters.JUnitReportReporter -->
<testsuite skipped="0" hostname="Vivek-PC" name="com.test.testLayers.DashboardTest" tests="1" failures="0" timestamp="16 Mar 2021 03:54:21 GMT" time="85.967" errors="0">
  <testcase name="validateCreateNewCompany" time="85.967" classname="com.test.testLayers.DashboardTest"/>
</testsuite> <!-- com.test.testLayers.DashboardTest -->
