<?xml version="1.0" encoding="UTF-8"?>
<!-- Generated by org.testng.reporters.JUnitReportReporter -->
<testsuite skipped="0" hostname="Vivek-PC" name="com.test.testLayers.LoginTest" tests="1" failures="0" timestamp="16 Mar 2021 03:30:02 GMT" time="35.121" errors="0">
  <testcase name="loginTest" time="35.121" classname="com.test.testLayers.LoginTest"/>
</testsuite> <!-- com.test.testLayers.LoginTest -->
